0 info it worked if it ends with ok
1 verbose cli [ '/usr/local/Cellar/node/4.2.1/bin/node',
1 verbose cli   '/usr/local/bin/npm',
1 verbose cli   'install',
1 verbose cli   'canvas' ]
2 info using npm@2.14.7
3 info using node@v4.2.1
4 verbose install initial load of /Users/basilvetas/Desktop/gitbook-test/test/package.json
5 verbose installManyTop reading scoped package data from /Users/basilvetas/Desktop/gitbook-test/test/node_modules/bibtex-parser-js/package.json
6 verbose installManyTop reading scoped package data from /Users/basilvetas/Desktop/gitbook-test/test/node_modules/canvg/package.json
7 verbose installManyTop reading scoped package data from /Users/basilvetas/Desktop/gitbook-test/test/node_modules/extend/package.json
8 verbose installManyTop reading scoped package data from /Users/basilvetas/Desktop/gitbook-test/test/node_modules/geopattern/package.json
9 verbose installManyTop reading scoped package data from /Users/basilvetas/Desktop/gitbook-test/test/node_modules/gitbook-plugin-autocover/package.json
10 verbose installManyTop reading scoped package data from /Users/basilvetas/Desktop/gitbook-test/test/node_modules/gitbook-plugin-bibtex-cite/package.json
11 verbose installManyTop reading scoped package data from /Users/basilvetas/Desktop/gitbook-test/test/node_modules/lodash/package.json
12 verbose installManyTop reading scoped package data from /Users/basilvetas/Desktop/gitbook-test/test/node_modules/nan/package.json
13 verbose installManyTop reading scoped package data from /Users/basilvetas/Desktop/gitbook-test/test/node_modules/q/package.json
14 verbose installManyTop reading scoped package data from /Users/basilvetas/Desktop/gitbook-test/test/node_modules/rgbcolor/package.json
15 verbose installManyTop reading scoped package data from /Users/basilvetas/Desktop/gitbook-test/test/node_modules/stackblur/package.json
16 verbose installManyTop reading scoped package data from /Users/basilvetas/Desktop/gitbook-test/test/node_modules/xmldom/package.json
17 info package.json extend@1.2.1 No license field.
18 info package.json rgbcolor@0.0.6 license should be a valid SPDX license expression
19 info package.json q@1.4.1 license should be a valid SPDX license expression
20 info package.json xmldom@0.1.27 No license field.
21 info package.json stackblur@0.0.1 No repository field.
22 verbose readDependencies loading dependencies from /Users/basilvetas/Desktop/gitbook-test/test/package.json
23 silly cache add args [ 'canvas', null ]
24 verbose cache add spec canvas
25 silly cache add parsed spec Result {
25 silly cache add   raw: 'canvas',
25 silly cache add   scope: null,
25 silly cache add   name: 'canvas',
25 silly cache add   rawSpec: '',
25 silly cache add   spec: '*',
25 silly cache add   type: 'range' }
26 silly addNamed canvas@*
27 verbose addNamed "*" is a valid semver range for canvas
28 silly addNameRange { name: 'canvas', range: '*', hasData: false }
29 silly mapToRegistry name canvas
30 silly mapToRegistry using default registry
31 silly mapToRegistry registry https://registry.npmjs.org/
32 silly mapToRegistry uri https://registry.npmjs.org/canvas
33 verbose addNameRange registry:https://registry.npmjs.org/canvas not in flight; fetching
34 verbose request uri https://registry.npmjs.org/canvas
35 verbose request no auth needed
36 info attempt registry request try #1 at 11:18:12 PM
37 verbose request id eab5f4065f6d56ce
38 verbose etag W/"5890048e-1e4c3"
39 verbose lastModified Tue, 31 Jan 2017 03:29:18 GMT
40 http request GET https://registry.npmjs.org/canvas
41 http 304 https://registry.npmjs.org/canvas
42 verbose headers { date: 'Tue, 07 Feb 2017 04:18:12 GMT',
42 verbose headers   via: '1.1 varnish',
42 verbose headers   'cache-control': 'max-age=300',
42 verbose headers   etag: 'W/"5890048e-1e4c3"',
42 verbose headers   age: '69',
42 verbose headers   connection: 'keep-alive',
42 verbose headers   'x-served-by': 'cache-jfk8146-JFK',
42 verbose headers   'x-cache': 'HIT',
42 verbose headers   'x-cache-hits': '1',
42 verbose headers   'x-timer': 'S1486441092.862558,VS0,VE0',
42 verbose headers   vary: 'Accept-Encoding' }
43 silly get cb [ 304,
43 silly get   { date: 'Tue, 07 Feb 2017 04:18:12 GMT',
43 silly get     via: '1.1 varnish',
43 silly get     'cache-control': 'max-age=300',
43 silly get     etag: 'W/"5890048e-1e4c3"',
43 silly get     age: '69',
43 silly get     connection: 'keep-alive',
43 silly get     'x-served-by': 'cache-jfk8146-JFK',
43 silly get     'x-cache': 'HIT',
43 silly get     'x-cache-hits': '1',
43 silly get     'x-timer': 'S1486441092.862558,VS0,VE0',
43 silly get     vary: 'Accept-Encoding' } ]
44 verbose etag https://registry.npmjs.org/canvas from cache
45 verbose get saving canvas to /Users/basilvetas/.npm/registry.npmjs.org/canvas/.cache.json
46 silly addNameRange number 2 { name: 'canvas', range: '*', hasData: true }
47 silly addNameRange versions [ 'canvas',
47 silly addNameRange   [ '0.0.1',
47 silly addNameRange     '0.0.2',
47 silly addNameRange     '0.0.3',
47 silly addNameRange     '0.0.4',
47 silly addNameRange     '0.0.5',
47 silly addNameRange     '0.0.6',
47 silly addNameRange     '0.0.7',
47 silly addNameRange     '0.0.8',
47 silly addNameRange     '0.1.0',
47 silly addNameRange     '0.2.0',
47 silly addNameRange     '0.2.1',
47 silly addNameRange     '0.3.0',
47 silly addNameRange     '0.3.1',
47 silly addNameRange     '0.3.2',
47 silly addNameRange     '0.3.3',
47 silly addNameRange     '0.4.0',
47 silly addNameRange     '0.4.1',
47 silly addNameRange     '0.4.2',
47 silly addNameRange     '0.4.3',
47 silly addNameRange     '0.5.0',
47 silly addNameRange     '0.5.1',
47 silly addNameRange     '0.5.2',
47 silly addNameRange     '0.5.3',
47 silly addNameRange     '0.5.4',
47 silly addNameRange     '0.6.0',
47 silly addNameRange     '0.7.0',
47 silly addNameRange     '0.7.1',
47 silly addNameRange     '0.7.2',
47 silly addNameRange     '0.7.3',
47 silly addNameRange     '0.8.0',
47 silly addNameRange     '0.8.1',
47 silly addNameRange     '0.8.2',
47 silly addNameRange     '0.8.3',
47 silly addNameRange     '0.9.0',
47 silly addNameRange     '0.10.0',
47 silly addNameRange     '0.10.1',
47 silly addNameRange     '0.10.2',
47 silly addNameRange     '0.10.3',
47 silly addNameRange     '0.11.0',
47 silly addNameRange     '0.11.1',
47 silly addNameRange     '0.11.2',
47 silly addNameRange     '0.11.3',
47 silly addNameRange     '0.12.0',
47 silly addNameRange     '0.12.1',
47 silly addNameRange     '0.13.0',
47 silly addNameRange     '0.13.1',
47 silly addNameRange     '1.0.0',
47 silly addNameRange     '1.0.1',
47 silly addNameRange     '1.0.2',
47 silly addNameRange     '1.0.3',
47 silly addNameRange     '1.0.4',
47 silly addNameRange     '1.1.0',
47 silly addNameRange     '1.1.1',
47 silly addNameRange     '1.1.2',
47 silly addNameRange     '1.1.3',
47 silly addNameRange     '1.1.4',
47 silly addNameRange     '1.1.5',
47 silly addNameRange     '1.1.6',
47 silly addNameRange     '1.2.0',
47 silly addNameRange     '1.2.1',
47 silly addNameRange     '1.2.2',
47 silly addNameRange     '1.2.3',
47 silly addNameRange     '1.2.4',
47 silly addNameRange     '1.2.5',
47 silly addNameRange     '1.2.6',
47 silly addNameRange     '1.2.7',
47 silly addNameRange     '1.2.8',
47 silly addNameRange     '1.2.9',
47 silly addNameRange     '1.2.10',
47 silly addNameRange     '1.2.11',
47 silly addNameRange     '1.3.0',
47 silly addNameRange     '1.3.1',
47 silly addNameRange     '1.3.2',
47 silly addNameRange     '1.3.3',
47 silly addNameRange     '1.3.4',
47 silly addNameRange     '1.3.5',
47 silly addNameRange     '1.3.6',
47 silly addNameRange     '1.3.7',
47 silly addNameRange     '1.3.8',
47 silly addNameRange     '1.3.9',
47 silly addNameRange     '1.3.10',
47 silly addNameRange     '1.3.11',
47 silly addNameRange     '1.3.12',
47 silly addNameRange     '1.3.13',
47 silly addNameRange     '1.3.14',
47 silly addNameRange     '1.3.15',
47 silly addNameRange     '1.3.16',
47 silly addNameRange     '1.4.0',
47 silly addNameRange     '1.5.0',
47 silly addNameRange     '1.6.0',
47 silly addNameRange     '1.6.1',
47 silly addNameRange     '1.6.2' ] ]
48 silly addNamed canvas@1.6.2
49 verbose addNamed "1.6.2" is a plain semver version for canvas
50 silly cache afterAdd canvas@1.6.2
51 verbose afterAdd /Users/basilvetas/.npm/canvas/1.6.2/package/package.json not in flight; writing
52 verbose afterAdd /Users/basilvetas/.npm/canvas/1.6.2/package/package.json written
53 silly install resolved [ { name: 'canvas',
53 silly install resolved     description: 'Canvas graphics API backed by Cairo',
53 silly install resolved     version: '1.6.2',
53 silly install resolved     author: { name: 'TJ Holowaychuk', email: 'tj@learnboost.com' },
53 silly install resolved     contributors: [ [Object], [Object], [Object] ],
53 silly install resolved     keywords:
53 silly install resolved      [ 'canvas',
53 silly install resolved        'graphic',
53 silly install resolved        'graphics',
53 silly install resolved        'pixman',
53 silly install resolved        'cairo',
53 silly install resolved        'image',
53 silly install resolved        'images',
53 silly install resolved        'pdf' ],
53 silly install resolved     homepage: 'https://github.com/Automattic/node-canvas',
53 silly install resolved     repository:
53 silly install resolved      { type: 'git',
53 silly install resolved        url: 'git://github.com/Automattic/node-canvas.git' },
53 silly install resolved     scripts:
53 silly install resolved      { prebenchmark: 'node-gyp build',
53 silly install resolved        benchmark: 'node benchmarks/run.js',
53 silly install resolved        pretest: 'node-gyp build',
53 silly install resolved        test: 'standard examples/*.js && mocha test/*.test.js',
53 silly install resolved        'pretest-server': 'node-gyp build',
53 silly install resolved        'test-server': 'node test/server.js',
53 silly install resolved        install: 'node-gyp rebuild' },
53 silly install resolved     dependencies: { nan: '^2.4.0' },
53 silly install resolved     devDependencies:
53 silly install resolved      { 'body-parser': '^1.13.3',
53 silly install resolved        express: '^4.13.2',
53 silly install resolved        pug: '^2.0.0-beta3',
53 silly install resolved        mocha: '*',
53 silly install resolved        standard: '^7.1.1' },
53 silly install resolved     engines: { node: '>=0.8.0' },
53 silly install resolved     main: './lib/canvas.js',
53 silly install resolved     license: 'MIT',
53 silly install resolved     gypfile: true,
53 silly install resolved     gitHead: 'bdc72016423b796c8203fed5f3bbda53536d31c2',
53 silly install resolved     bugs: { url: 'https://github.com/Automattic/node-canvas/issues' },
53 silly install resolved     _id: 'canvas@1.6.2',
53 silly install resolved     _shasum: '12b56e3f00e7880aa45e3aae59fe75237720aaa4',
53 silly install resolved     _from: 'canvas@*',
53 silly install resolved     _npmVersion: '3.10.7',
53 silly install resolved     _nodeVersion: '6.7.0',
53 silly install resolved     _npmUser: { name: 'linusu', email: 'linus@folkdatorn.se' },
53 silly install resolved     dist:
53 silly install resolved      { shasum: '12b56e3f00e7880aa45e3aae59fe75237720aaa4',
53 silly install resolved        tarball: 'https://registry.npmjs.org/canvas/-/canvas-1.6.2.tgz' },
53 silly install resolved     maintainers: [ [Object], [Object], [Object], [Object], [Object], [Object] ],
53 silly install resolved     _npmOperationalInternal:
53 silly install resolved      { host: 'packages-18-east.internal.npmjs.com',
53 silly install resolved        tmp: 'tmp/canvas-1.6.2.tgz_1477855890935_0.3815066539682448' },
53 silly install resolved     directories: {},
53 silly install resolved     _resolved: 'https://registry.npmjs.org/canvas/-/canvas-1.6.2.tgz',
53 silly install resolved     readme: 'ERROR: No README data found!' } ]
54 info install canvas@1.6.2 into /Users/basilvetas/Desktop/gitbook-test/test
55 info installOne canvas@1.6.2
56 verbose installOne of canvas to /Users/basilvetas/Desktop/gitbook-test/test not in flight; installing
57 verbose lock using /Users/basilvetas/.npm/_locks/canvas-611c2e997f18d706.lock for /Users/basilvetas/Desktop/gitbook-test/test/node_modules/canvas
58 silly install write writing canvas 1.6.2 to /Users/basilvetas/Desktop/gitbook-test/test/node_modules/canvas
59 verbose unbuild node_modules/canvas
60 silly gentlyRm /Users/basilvetas/Desktop/gitbook-test/test/node_modules/canvas is being purged from base /Users/basilvetas/Desktop/gitbook-test/test
61 verbose gentlyRm don't care about contents; nuking /Users/basilvetas/Desktop/gitbook-test/test/node_modules/canvas
62 verbose tar unpack /Users/basilvetas/.npm/canvas/1.6.2/package.tgz
63 verbose tar unpacking to /Users/basilvetas/Desktop/gitbook-test/test/node_modules/canvas
64 silly gentlyRm /Users/basilvetas/Desktop/gitbook-test/test/node_modules/canvas is being purged
65 verbose gentlyRm don't care about contents; nuking /Users/basilvetas/Desktop/gitbook-test/test/node_modules/canvas
66 silly gunzTarPerm modes [ '755', '644' ]
67 silly gunzTarPerm extractEntry package.json
68 silly gunzTarPerm extractEntry .npmignore
69 silly gunzTarPerm extractEntry index.js
70 silly gunzTarPerm extractEntry .travis.yml
71 silly gunzTarPerm extractEntry History.md
72 silly gunzTarPerm extractEntry Readme.md
73 silly gunzTarPerm extractEntry binding.gyp
74 silly gunzTarPerm extractEntry .github/ISSUE_TEMPLATE.md
75 silly gunzTarPerm extractEntry lib/bindings.js
76 silly gunzTarPerm extractEntry lib/canvas.js
77 silly gunzTarPerm extractEntry lib/context2d.js
78 silly gunzTarPerm extractEntry lib/image.js
79 silly gunzTarPerm extractEntry lib/jpegstream.js
80 silly gunzTarPerm extractEntry lib/pdfstream.js
81 silly gunzTarPerm extractEntry lib/pngstream.js
82 silly gunzTarPerm extractEntry src/Image.cc
83 silly gunzTarPerm extractEntry src/Canvas.cc
84 silly gunzTarPerm extractEntry src/CanvasGradient.cc
85 silly gunzTarPerm extractEntry src/CanvasGradient.h
86 silly gunzTarPerm extractEntry src/CanvasPattern.cc
87 silly gunzTarPerm extractEntry src/CanvasPattern.h
88 silly gunzTarPerm extractEntry src/CanvasRenderingContext2d.cc
89 silly gunzTarPerm extractEntry src/CanvasRenderingContext2d.h
90 silly gunzTarPerm extractEntry src/FontFace.cc
91 silly gunzTarPerm extractEntry src/FontFace.h
92 silly gunzTarPerm extractEntry src/Canvas.h
93 silly gunzTarPerm extractEntry src/Image.h
94 silly gunzTarPerm extractEntry src/ImageData.cc
95 silly gunzTarPerm extractEntry src/ImageData.h
96 silly gunzTarPerm extractEntry src/JPEGStream.h
97 silly gunzTarPerm extractEntry src/PNG.h
98 silly gunzTarPerm extractEntry src/Point.h
99 silly gunzTarPerm extractEntry src/closure.h
100 silly gunzTarPerm extractEntry src/color.cc
101 silly gunzTarPerm extractEntry src/color.h
102 silly gunzTarPerm extractEntry src/init.cc
103 silly gunzTarPerm extractEntry util/has_lib.sh
104 verbose write writing to /Users/basilvetas/Desktop/gitbook-test/test/node_modules/canvas/package.json
105 info preinstall canvas@1.6.2
106 verbose readDependencies loading dependencies from /Users/basilvetas/Desktop/gitbook-test/test/node_modules/canvas/package.json
107 verbose readDependencies loading dependencies from /Users/basilvetas/Desktop/gitbook-test/test/node_modules/canvas/package.json
108 silly install resolved []
109 verbose about to build /Users/basilvetas/Desktop/gitbook-test/test/node_modules/canvas
110 info build /Users/basilvetas/Desktop/gitbook-test/test/node_modules/canvas
111 info linkStuff canvas@1.6.2
112 silly linkStuff canvas@1.6.2 has /Users/basilvetas/Desktop/gitbook-test/test/node_modules as its parent node_modules
113 verbose linkBins canvas@1.6.2
114 verbose linkMans canvas@1.6.2
115 verbose rebuildBundles canvas@1.6.2
116 info install canvas@1.6.2
117 verbose unsafe-perm in lifecycle true
118 info canvas@1.6.2 Failed to exec install script
119 verbose unlock done using /Users/basilvetas/.npm/_locks/canvas-611c2e997f18d706.lock for /Users/basilvetas/Desktop/gitbook-test/test/node_modules/canvas
120 verbose stack Error: canvas@1.6.2 install: `node-gyp rebuild`
120 verbose stack Exit status 1
120 verbose stack     at EventEmitter.<anonymous> (/usr/local/lib/node_modules/npm/lib/utils/lifecycle.js:214:16)
120 verbose stack     at emitTwo (events.js:87:13)
120 verbose stack     at EventEmitter.emit (events.js:172:7)
120 verbose stack     at ChildProcess.<anonymous> (/usr/local/lib/node_modules/npm/lib/utils/spawn.js:24:14)
120 verbose stack     at emitTwo (events.js:87:13)
120 verbose stack     at ChildProcess.emit (events.js:172:7)
120 verbose stack     at maybeClose (internal/child_process.js:818:16)
120 verbose stack     at Process.ChildProcess._handle.onexit (internal/child_process.js:211:5)
121 verbose pkgid canvas@1.6.2
122 verbose cwd /Users/basilvetas/Desktop/gitbook-test/test
123 error Darwin 16.1.0
124 error argv "/usr/local/Cellar/node/4.2.1/bin/node" "/usr/local/bin/npm" "install" "canvas"
125 error node v4.2.1
126 error npm  v2.14.7
127 error code ELIFECYCLE
128 error canvas@1.6.2 install: `node-gyp rebuild`
128 error Exit status 1
129 error Failed at the canvas@1.6.2 install script 'node-gyp rebuild'.
129 error This is most likely a problem with the canvas package,
129 error not with npm itself.
129 error Tell the author that this fails on your system:
129 error     node-gyp rebuild
129 error You can get their info via:
129 error     npm owner ls canvas
129 error There is likely additional logging output above.
130 verbose exit [ 1, true ]
131 verbose unbuild node_modules/canvas
132 info preuninstall canvas@1.6.2
133 info uninstall canvas@1.6.2
134 verbose unbuild rmStuff canvas@1.6.2 from /Users/basilvetas/Desktop/gitbook-test/test/node_modules
135 info postuninstall canvas@1.6.2
136 silly gentlyRm /Users/basilvetas/Desktop/gitbook-test/test/node_modules/canvas is being purged from base /Users/basilvetas/Desktop/gitbook-test/test
137 verbose gentlyRm don't care about contents; nuking /Users/basilvetas/Desktop/gitbook-test/test/node_modules/canvas
138 silly vacuum-fs purging /Users/basilvetas/Desktop/gitbook-test/test/node_modules/canvas
139 silly vacuum-fs quitting because other entries in /Users/basilvetas/Desktop/gitbook-test/test/node_modules
